<?xml version="1.0" encoding="UTF-8"?>
<testsuite name="edu.bsu.cs222.WikipediaRevisionParserTest" tests="1" skipped="0" failures="0" errors="0" timestamp="2022-09-21T03:20:39" hostname="CHANSCHILD" time="0.068">
  <properties/>
  <testcase name="testParseAuthor()" classname="edu.bsu.cs222.WikipediaRevisionParserTest" time="0.068"/>
  <system-out><![CDATA[]]></system-out>
  <system-err><![CDATA[SLF4J: Failed to load class "org.slf4j.impl.StaticLoggerBinder".
SLF4J: Defaulting to no-operation (NOP) logger implementation
SLF4J: See http://www.slf4j.org/codes.html#StaticLoggerBinder for further details.
]]></system-err>
</testsuite>
